[0.563s] Invoking command in '/home/iansong2/~dev_ws/src/py_pubsub': PYTHONPATH=/home/iansong2/~dev_ws/install/py_pubsub/lib/python3.8/site-packages:${PYTHONPATH} /usr/bin/python3 setup.py egg_info --egg-base ../../build/py_pubsub build --build-base /home/iansong2/~dev_ws/build/py_pubsub/build install --prefix /home/iansong2/~dev_ws/install/py_pubsub --record /home/iansong2/~dev_ws/build/py_pubsub/install.log --single-version-externally-managed
[0.971s] running egg_info
[0.972s] creating ../../build/py_pubsub/py_pubsub.egg-info
[0.972s] writing ../../build/py_pubsub/py_pubsub.egg-info/PKG-INFO
[0.973s] writing dependency_links to ../../build/py_pubsub/py_pubsub.egg-info/dependency_links.txt
[0.973s] writing entry points to ../../build/py_pubsub/py_pubsub.egg-info/entry_points.txt
[0.974s] writing requirements to ../../build/py_pubsub/py_pubsub.egg-info/requires.txt
[0.974s] writing top-level names to ../../build/py_pubsub/py_pubsub.egg-info/top_level.txt
[0.979s] writing manifest file '../../build/py_pubsub/py_pubsub.egg-info/SOURCES.txt'
[1.048s] reading manifest file '../../build/py_pubsub/py_pubsub.egg-info/SOURCES.txt'
[1.050s] writing manifest file '../../build/py_pubsub/py_pubsub.egg-info/SOURCES.txt'
[1.051s] running build
[1.051s] running build_py
[1.052s] creating /home/iansong2/~dev_ws/build/py_pubsub/build
[1.052s] creating /home/iansong2/~dev_ws/build/py_pubsub/build/lib
[1.052s] creating /home/iansong2/~dev_ws/build/py_pubsub/build/lib/py_pubsub
[1.052s] copying py_pubsub/publisher_member_function.py -> /home/iansong2/~dev_ws/build/py_pubsub/build/lib/py_pubsub
[1.053s] copying py_pubsub/subscriber_member_function.py -> /home/iansong2/~dev_ws/build/py_pubsub/build/lib/py_pubsub
[1.053s] copying py_pubsub/__init__.py -> /home/iansong2/~dev_ws/build/py_pubsub/build/lib/py_pubsub
[1.053s] running install
[1.057s] running install_lib
[1.059s] creating /home/iansong2/~dev_ws/install/py_pubsub/lib/python3.8/site-packages/py_pubsub
[1.060s] copying /home/iansong2/~dev_ws/build/py_pubsub/build/lib/py_pubsub/publisher_member_function.py -> /home/iansong2/~dev_ws/install/py_pubsub/lib/python3.8/site-packages/py_pubsub
[1.060s] copying /home/iansong2/~dev_ws/build/py_pubsub/build/lib/py_pubsub/subscriber_member_function.py -> /home/iansong2/~dev_ws/install/py_pubsub/lib/python3.8/site-packages/py_pubsub
[1.060s] copying /home/iansong2/~dev_ws/build/py_pubsub/build/lib/py_pubsub/__init__.py -> /home/iansong2/~dev_ws/install/py_pubsub/lib/python3.8/site-packages/py_pubsub
[1.062s] byte-compiling /home/iansong2/~dev_ws/install/py_pubsub/lib/python3.8/site-packages/py_pubsub/publisher_member_function.py to publisher_member_function.cpython-38.pyc
[1.065s] byte-compiling /home/iansong2/~dev_ws/install/py_pubsub/lib/python3.8/site-packages/py_pubsub/subscriber_member_function.py to subscriber_member_function.cpython-38.pyc
[1.066s] byte-compiling /home/iansong2/~dev_ws/install/py_pubsub/lib/python3.8/site-packages/py_pubsub/__init__.py to __init__.cpython-38.pyc
[1.066s] running install_data
[1.067s] creating /home/iansong2/~dev_ws/install/py_pubsub/share/ament_index
[1.068s] creating /home/iansong2/~dev_ws/install/py_pubsub/share/ament_index/resource_index
[1.068s] creating /home/iansong2/~dev_ws/install/py_pubsub/share/ament_index/resource_index/packages
[1.069s] copying resource/py_pubsub -> /home/iansong2/~dev_ws/install/py_pubsub/share/ament_index/resource_index/packages
[1.069s] copying package.xml -> /home/iansong2/~dev_ws/install/py_pubsub/share/py_pubsub
[1.069s] running install_egg_info
[1.074s] Copying ../../build/py_pubsub/py_pubsub.egg-info to /home/iansong2/~dev_ws/install/py_pubsub/lib/python3.8/site-packages/py_pubsub-0.0.0-py3.8.egg-info
[1.076s] running install_scripts
[1.107s] Installing listener script to /home/iansong2/~dev_ws/install/py_pubsub/lib/py_pubsub
[1.107s] Installing talker script to /home/iansong2/~dev_ws/install/py_pubsub/lib/py_pubsub
[1.108s] writing list of installed files to '/home/iansong2/~dev_ws/build/py_pubsub/install.log'
[1.143s] Invoked command in '/home/iansong2/~dev_ws/src/py_pubsub' returned '0': PYTHONPATH=/home/iansong2/~dev_ws/install/py_pubsub/lib/python3.8/site-packages:${PYTHONPATH} /usr/bin/python3 setup.py egg_info --egg-base ../../build/py_pubsub build --build-base /home/iansong2/~dev_ws/build/py_pubsub/build install --prefix /home/iansong2/~dev_ws/install/py_pubsub --record /home/iansong2/~dev_ws/build/py_pubsub/install.log --single-version-externally-managed
